<?xml version="1.0" encoding="UTF-8"?>
<!-- Generated by org.testng.reporters.JUnitReportReporter -->
<testsuite skipped="0" hostname="LAPTOP-GDT3JREG" name="gov.uk.check.visa.testsuite.VisaConfirmationTest" tests="3" failures="0" timestamp="2022-05-09T15:18:52 BST" time="13.182" errors="0">
  <testcase name="aChileanComingToTheUKForWorkAndPlansOnStayingForLongerThanSixMonths" time="6.356" classname="gov.uk.check.visa.testsuite.VisaConfirmationTest"/>
  <system-out/>
  <testcase name="anAustralianComingToUKForTourism" time="3.343" classname="gov.uk.check.visa.testsuite.VisaConfirmationTest"/>
  <system-out/>
  <testcase name="aColumbianNationalComingToTheUKToJoinAPartnerForALongStayTheyDoHaveAnArticle10Or20Card" time="3.483" classname="gov.uk.check.visa.testsuite.VisaConfirmationTest"/>
  <system-out/>
</testsuite> <!-- gov.uk.check.visa.testsuite.VisaConfirmationTest -->
